<?xml version="1.0" encoding="UTF-8"?>
<!-- Generated by org.testng.reporters.JUnitXMLReporter -->
<testsuite ignored="0" hostname="DESKTOP-GR76LI8" failures="0" tests="2" name="AssignLeaveTestModule" time="6.236" errors="0" timestamp="2021-08-18T12:41:29 BDT">
  <testcase classname="com.bat.SeleniumMavenProjectSecond.Test.AssignLeaveTest" name="buttonAndUrlVerify" time="2.953"/>
  <testcase classname="com.bat.SeleniumMavenProjectSecond.Test.AssignLeaveTest" name="assignleavetest" time="3.273"/>
</testsuite> <!-- AssignLeaveTestModule -->
