<?xml version="1.0" encoding="UTF-8"?>
<!-- Generated by org.testng.reporters.JUnitXMLReporter -->
<testsuite ignored="0" hostname="DESKTOP-GR76LI8" failures="0" tests="2" name="LoginTestModule" time="17.238" errors="0" timestamp="2021-08-18T12:41:23 BDT">
  <testcase classname="com.bat.SeleniumMavenProjectSecond.Test.LoginTest" name="homepagetitleverify" time="9.699"/>
  <testcase classname="com.bat.SeleniumMavenProjectSecond.Test.LoginTest" name="logintest" time="6.216"/>
</testsuite> <!-- LoginTestModule -->
