<?xml version="1.0" encoding="UTF-8"?>
<!-- Generated by org.testng.reporters.JUnitXMLReporter -->
<testsuite ignored="0" hostname="DESKTOP-GR76LI8" failures="0" tests="2" name="LoginTest" time="16.247" errors="0" timestamp="2021-08-09T15:07:44 BDT">
  <testcase classname="com.bat.SeleniumMavenProjectSecond.Test.LoginTest" name="homepagetitleverify" time="9.209"/>
  <testcase classname="com.bat.SeleniumMavenProjectSecond.Test.LoginTest" name="logintest" time="5.787"/>
</testsuite> <!-- LoginTest -->
