<?xml version="1.0" encoding="UTF-8"?>
<testng-results ignored="0" total="4" passed="4" failed="0" skipped="0">
  <reporter-output>
  </reporter-output>
  <suite started-at="2021-08-18T12:41:05 BDT" name="SeleniuTestNGMaven" finished-at="2021-08-18T12:41:29 BDT" duration-ms="23528">
    <groups>
    </groups>
    <test started-at="2021-08-18T12:41:05 BDT" name="LoginTestModule" finished-at="2021-08-18T12:41:22 BDT" duration-ms="17238">
      <class name="com.bat.SeleniumMavenProjectSecond.Test.LoginTest">
        <test-method signature="homepagetitleverify()[pri:0, instance:com.bat.SeleniumMavenProjectSecond.Test.LoginTest@20140db9]" started-at="2021-08-18T12:41:05 BDT" name="homepagetitleverify" finished-at="2021-08-18T12:41:15 BDT" duration-ms="9699" status="PASS">
          <reporter-output>
          </reporter-output>
        </test-method> <!-- homepagetitleverify -->
        <test-method signature="logintest(java.util.List)[pri:0, instance:com.bat.SeleniumMavenProjectSecond.Test.LoginTest@20140db9]" started-at="2021-08-18T12:41:16 BDT" name="logintest" data-provider="loginData" finished-at="2021-08-18T12:41:22 BDT" depends-on-methods="com.bat.SeleniumMavenProjectSecond.Test.LoginTest.homepagetitleverify" duration-ms="6216" status="PASS">
          <params>
            <param index="0">
              <value>
                <![CDATA[[LoginDTO [username=Afgfgtrtrt, password=hello ], LoginDTO [username=Admin, password=admin123]]]]>
              </value>
            </param>
          </params>
          <reporter-output>
          </reporter-output>
        </test-method> <!-- logintest -->
      </class> <!-- com.bat.SeleniumMavenProjectSecond.Test.LoginTest -->
    </test> <!-- LoginTestModule -->
    <test started-at="2021-08-18T12:41:23 BDT" name="AssignLeaveTestModule" finished-at="2021-08-18T12:41:29 BDT" duration-ms="6236">
      <class name="com.bat.SeleniumMavenProjectSecond.Test.AssignLeaveTest">
        <test-method signature="buttonAndUrlVerify()[pri:0, instance:com.bat.SeleniumMavenProjectSecond.Test.AssignLeaveTest@14028087]" started-at="2021-08-18T12:41:23 BDT" name="buttonAndUrlVerify" finished-at="2021-08-18T12:41:25 BDT" duration-ms="2953" status="PASS">
          <reporter-output>
          </reporter-output>
        </test-method> <!-- buttonAndUrlVerify -->
        <test-method signature="assignleavetest()[pri:0, instance:com.bat.SeleniumMavenProjectSecond.Test.AssignLeaveTest@14028087]" started-at="2021-08-18T12:41:25 BDT" name="assignleavetest" finished-at="2021-08-18T12:41:29 BDT" depends-on-methods="com.bat.SeleniumMavenProjectSecond.Test.AssignLeaveTest.buttonAndUrlVerify" duration-ms="3273" status="PASS">
          <reporter-output>
          </reporter-output>
        </test-method> <!-- assignleavetest -->
      </class> <!-- com.bat.SeleniumMavenProjectSecond.Test.AssignLeaveTest -->
    </test> <!-- AssignLeaveTestModule -->
  </suite> <!-- SeleniuTestNGMaven -->
</testng-results>
